[16/May/2019 11:50:26] "GET / HTTP/1.1" 200 4773
Not Found: /album.css
[16/May/2019 11:50:26] "GET /album.css HTTP/1.1" 404 2365
Not Found: /album.css
[16/May/2019 11:50:27] "GET /album.css HTTP/1.1" 404 2365
[16/May/2019 11:55:07] "GET / HTTP/1.1" 200 4773
Not Found: /album.css
[16/May/2019 11:55:07] "GET /album.css HTTP/1.1" 404 2365
[16/May/2019 11:55:08] "GET / HTTP/1.1" 200 4773
Not Found: /album.css
[16/May/2019 11:55:08] "GET /album.css HTTP/1.1" 404 2365
[16/May/2019 11:55:16] "GET /blog/3/ HTTP/1.1" 200 5222
Not Found: /blog/3/album.css
[16/May/2019 11:55:16] "GET /blog/3/album.css HTTP/1.1" 404 2637
Not Found: /blog/3/album.css
[16/May/2019 11:55:16] "GET /blog/3/album.css HTTP/1.1" 404 2637
[16/May/2019 11:55:16] "GET /coolstuff/images/bg6_JMNW3xT.jpg HTTP/1.1" 304 0
[16/May/2019 11:55:52] "GET /blog/3/ HTTP/1.1" 200 5222
Not Found: /blog/3/album.css
[16/May/2019 11:55:52] "GET /blog/3/album.css HTTP/1.1" 404 2637
[16/May/2019 11:55:53] "GET /blog/3/ HTTP/1.1" 200 5222
Not Found: /blog/3/album.css
[16/May/2019 11:55:53] "GET /blog/3/album.css HTTP/1.1" 404 2637
[16/May/2019 11:55:54] "GET / HTTP/1.1" 200 4773
Not Found: /album.css
[16/May/2019 11:55:54] "GET /album.css HTTP/1.1" 404 2365
[16/May/2019 11:56:39] "GET / HTTP/1.1" 200 4773
Not Found: /album.css
[16/May/2019 11:56:39] "GET /album.css HTTP/1.1" 404 2365
[16/May/2019 11:57:25] "GET / HTTP/1.1" 200 4773
Not Found: /album.css
[16/May/2019 11:57:25] "GET /album.css HTTP/1.1" 404 2365
[16/May/2019 11:57:39] "GET / HTTP/1.1" 200 4773
Not Found: /album.css
[16/May/2019 11:57:39] "GET /album.css HTTP/1.1" 404 2365
